<?xml version="1.0" encoding="utf-8"?>
<TestRun id="f416affe-ccc6-47b6-884e-2578e35b8100" name="amitkumar24@AMIT3153368-01 2020-04-25 12:37:59" runUser="NAGARRO\amitkumar24" xmlns="http://microsoft.com/schemas/VisualStudio/TeamTest/2010">
  <Times creation="2020-04-25T12:37:59.4217268+05:30" queuing="2020-04-25T12:37:59.4217284+05:30" start="2020-04-25T12:37:57.4437288+05:30" finish="2020-04-25T12:37:59.4341537+05:30" />
  <TestSettings name="default" id="029b769e-3f20-4c20-975f-d32b4c4cd86b">
    <Deployment runDeploymentRoot="amitkumar24_AMIT3153368-01_2020-04-25_12_37_59" />
  </TestSettings>
  <Results>
    <UnitTestResult executionId="5427e6dc-b2d5-42f0-a960-051411767e58" testId="c4c3c6b3-147d-018d-c7b3-3a2c7f0cd5d3" testName="NorthWindWithDITest.RegionTests.Add_ReturnsBadRequestResult_WhenModelStateIsInvalid" computerName="AMIT3153368-01" duration="00:00:00.0014933" startTime="2020-04-25T12:37:59.2632861+05:30" endTime="2020-04-25T12:37:59.2632863+05:30" testType="13cdc9d9-ddb5-4fa4-a97d-d965ccfc6d4b" outcome="Passed" testListId="8c84fa94-04c1-424b-9868-57a2d4851a1d" relativeResultsDirectory="5427e6dc-b2d5-42f0-a960-051411767e58" />
    <UnitTestResult executionId="bbdb4853-277c-40b1-a689-b2b58c60e797" testId="3f3fed97-9997-b1d4-e74b-370af96f0c41" testName="NorthWindWithDITest.RegionTests.DetailsWithReturnOfOneRegions" computerName="AMIT3153368-01" duration="00:00:00.1282838" startTime="2020-04-25T12:37:59.2582972+05:30" endTime="2020-04-25T12:37:59.2584233+05:30" testType="13cdc9d9-ddb5-4fa4-a97d-d965ccfc6d4b" outcome="Passed" testListId="8c84fa94-04c1-424b-9868-57a2d4851a1d" relativeResultsDirectory="bbdb4853-277c-40b1-a689-b2b58c60e797" />
    <UnitTestResult executionId="3dd0539e-7b0d-4c64-bc48-9f86ac5dbfe3" testId="5abf10a8-b878-ecea-bf84-6fbc7188b3cd" testName="NorthWindWithDITest.RegionTests.IndexWithReturnListOfAllRegions" computerName="AMIT3153368-01" duration="00:00:00.0036777" startTime="2020-04-25T12:37:59.2632051+05:30" endTime="2020-04-25T12:37:59.2632060+05:30" testType="13cdc9d9-ddb5-4fa4-a97d-d965ccfc6d4b" outcome="Passed" testListId="8c84fa94-04c1-424b-9868-57a2d4851a1d" relativeResultsDirectory="3dd0539e-7b0d-4c64-bc48-9f86ac5dbfe3" />
    <UnitTestResult executionId="c9808d1e-7664-4bef-8fc0-1a2caf68b152" testId="86d41e73-9d3a-46ce-8b3a-480b19b10872" testName="NorthWindWithDITest.RegionTests.Add_ReturnsReturnsRedirect_WhenModelStateIsvalid" computerName="AMIT3153368-01" duration="00:00:00.0097113" startTime="2020-04-25T12:37:59.2729079+05:30" endTime="2020-04-25T12:37:59.2729104+05:30" testType="13cdc9d9-ddb5-4fa4-a97d-d965ccfc6d4b" outcome="Passed" testListId="8c84fa94-04c1-424b-9868-57a2d4851a1d" relativeResultsDirectory="c9808d1e-7664-4bef-8fc0-1a2caf68b152" />
  </Results>
  <TestDefinitions>
    <UnitTest name="NorthWindWithDITest.RegionTests.Add_ReturnsBadRequestResult_WhenModelStateIsInvalid" storage="d:\vs-code\northwind\northwindwithditest\bin\debug\netcoreapp3.1\northwindwithditest.dll" id="c4c3c6b3-147d-018d-c7b3-3a2c7f0cd5d3">
      <Execution id="5427e6dc-b2d5-42f0-a960-051411767e58" />
      <TestMethod codeBase="D:\VS-Code\Northwind\NorthWindWithDITest\bin\Debug\netcoreapp3.1\NorthWindWithDITest.dll" adapterTypeName="executor://xunit/VsTestRunner2/netcoreapp" className="NorthWindWithDITest.RegionTests" name="NorthWindWithDITest.RegionTests.Add_ReturnsBadRequestResult_WhenModelStateIsInvalid" />
    </UnitTest>
    <UnitTest name="NorthWindWithDITest.RegionTests.Add_ReturnsReturnsRedirect_WhenModelStateIsvalid" storage="d:\vs-code\northwind\northwindwithditest\bin\debug\netcoreapp3.1\northwindwithditest.dll" id="86d41e73-9d3a-46ce-8b3a-480b19b10872">
      <Execution id="c9808d1e-7664-4bef-8fc0-1a2caf68b152" />
      <TestMethod codeBase="D:\VS-Code\Northwind\NorthWindWithDITest\bin\Debug\netcoreapp3.1\NorthWindWithDITest.dll" adapterTypeName="executor://xunit/VsTestRunner2/netcoreapp" className="NorthWindWithDITest.RegionTests" name="NorthWindWithDITest.RegionTests.Add_ReturnsReturnsRedirect_WhenModelStateIsvalid" />
    </UnitTest>
    <UnitTest name="NorthWindWithDITest.RegionTests.DetailsWithReturnOfOneRegions" storage="d:\vs-code\northwind\northwindwithditest\bin\debug\netcoreapp3.1\northwindwithditest.dll" id="3f3fed97-9997-b1d4-e74b-370af96f0c41">
      <Execution id="bbdb4853-277c-40b1-a689-b2b58c60e797" />
      <TestMethod codeBase="D:\VS-Code\Northwind\NorthWindWithDITest\bin\Debug\netcoreapp3.1\NorthWindWithDITest.dll" adapterTypeName="executor://xunit/VsTestRunner2/netcoreapp" className="NorthWindWithDITest.RegionTests" name="NorthWindWithDITest.RegionTests.DetailsWithReturnOfOneRegions" />
    </UnitTest>
    <UnitTest name="NorthWindWithDITest.RegionTests.IndexWithReturnListOfAllRegions" storage="d:\vs-code\northwind\northwindwithditest\bin\debug\netcoreapp3.1\northwindwithditest.dll" id="5abf10a8-b878-ecea-bf84-6fbc7188b3cd">
      <Execution id="3dd0539e-7b0d-4c64-bc48-9f86ac5dbfe3" />
      <TestMethod codeBase="D:\VS-Code\Northwind\NorthWindWithDITest\bin\Debug\netcoreapp3.1\NorthWindWithDITest.dll" adapterTypeName="executor://xunit/VsTestRunner2/netcoreapp" className="NorthWindWithDITest.RegionTests" name="NorthWindWithDITest.RegionTests.IndexWithReturnListOfAllRegions" />
    </UnitTest>
  </TestDefinitions>
  <TestEntries>
    <TestEntry testId="c4c3c6b3-147d-018d-c7b3-3a2c7f0cd5d3" executionId="5427e6dc-b2d5-42f0-a960-051411767e58" testListId="8c84fa94-04c1-424b-9868-57a2d4851a1d" />
    <TestEntry testId="3f3fed97-9997-b1d4-e74b-370af96f0c41" executionId="bbdb4853-277c-40b1-a689-b2b58c60e797" testListId="8c84fa94-04c1-424b-9868-57a2d4851a1d" />
    <TestEntry testId="5abf10a8-b878-ecea-bf84-6fbc7188b3cd" executionId="3dd0539e-7b0d-4c64-bc48-9f86ac5dbfe3" testListId="8c84fa94-04c1-424b-9868-57a2d4851a1d" />
    <TestEntry testId="86d41e73-9d3a-46ce-8b3a-480b19b10872" executionId="c9808d1e-7664-4bef-8fc0-1a2caf68b152" testListId="8c84fa94-04c1-424b-9868-57a2d4851a1d" />
  </TestEntries>
  <TestLists>
    <TestList name="Results Not in a List" id="8c84fa94-04c1-424b-9868-57a2d4851a1d" />
    <TestList name="All Loaded Results" id="19431567-8539-422a-85d7-44ee4e166bda" />
  </TestLists>
  <ResultSummary outcome="Completed">
    <Counters total="4" executed="4" passed="4" failed="0" error="0" timeout="0" aborted="0" inconclusive="0" passedButRunAborted="0" notRunnable="0" notExecuted="0" disconnected="0" warning="0" completed="0" inProgress="0" pending="0" />
    <Output>
      <StdOut>[xUnit.net 00:00:00.00] xUnit.net VSTest Adapter v2.4.0 (64-bit .NET Core 3.1.1)&#xD;
[xUnit.net 00:00:01.00]   Discovering: NorthWindWithDITest&#xD;
[xUnit.net 00:00:01.04]   Discovered:  NorthWindWithDITest&#xD;
[xUnit.net 00:00:01.04]   Starting:    NorthWindWithDITest&#xD;
[xUnit.net 00:00:01.26]   Finished:    NorthWindWithDITest&#xD;
</StdOut>
    </Output>
  </ResultSummary>
</TestRun>